c:\users\2339695\source\repos\monstertamer\monstertamer\release\vc141.pdb
c:\users\2339695\source\repos\monstertamer\monstertamer\release\tamer.obj
c:\users\2339695\source\repos\monstertamer\monstertamer\release\species.obj
c:\users\2339695\source\repos\monstertamer\monstertamer\release\passive.obj
c:\users\2339695\source\repos\monstertamer\monstertamer\release\party.obj
c:\users\2339695\source\repos\monstertamer\monstertamer\release\monster.obj
c:\users\2339695\source\repos\monstertamer\monstertamer\release\main.obj
c:\users\2339695\source\repos\monstertamer\monstertamer\release\item.obj
c:\users\2339695\source\repos\monstertamer\monstertamer\release\inventory.obj
c:\users\2339695\source\repos\monstertamer\monstertamer\release\fighter.obj
c:\users\2339695\source\repos\monstertamer\monstertamer\release\element.obj
c:\users\2339695\source\repos\monstertamer\monstertamer\release\damageformula.obj
c:\users\2339695\source\repos\monstertamer\monstertamer\release\combatant.obj
c:\users\2339695\source\repos\monstertamer\monstertamer\release\battlekill.obj
c:\users\2339695\source\repos\monstertamer\monstertamer\release\battleinterface.obj
c:\users\2339695\source\repos\monstertamer\monstertamer\release\battleeffects.obj
c:\users\2339695\source\repos\monstertamer\monstertamer\release\battleattack.obj
c:\users\2339695\source\repos\monstertamer\monstertamer\release\battleactions.obj
c:\users\2339695\source\repos\monstertamer\monstertamer\release\battle.obj
c:\users\2339695\source\repos\monstertamer\monstertamer\release\assetmanager.obj
c:\users\2339695\source\repos\monstertamer\monstertamer\release\ability.obj
c:\users\2339695\source\repos\monstertamer\monstertamer\release\playerfactory.obj
c:\users\2339695\source\repos\monstertamer\monstertamer\release\zone.obj
c:\users\2339695\source\repos\monstertamer\monstertamer\release\map.obj
c:\users\2339695\source\repos\monstertamer\monstertamer\release\guild.obj
c:\users\2339695\source\repos\monstertamer\release\monstertamer.ipdb
c:\users\2339695\source\repos\monstertamer\release\monstertamer.iobj
c:\users\2339695\source\repos\monstertamer\release\monstertamer.lib
c:\users\2339695\source\repos\monstertamer\release\monstertamer.exp
c:\users\2339695\source\repos\monstertamer\release\monstertamer.pdb
c:\users\2339695\source\repos\monstertamer\release\monstertamer.exe
c:\users\2339695\source\repos\monstertamer\monstertamer\release\monstertamer.tlog\cl.command.1.tlog
c:\users\2339695\source\repos\monstertamer\monstertamer\release\monstertamer.tlog\cl.read.1.tlog
c:\users\2339695\source\repos\monstertamer\monstertamer\release\monstertamer.tlog\cl.write.1.tlog
c:\users\2339695\source\repos\monstertamer\monstertamer\release\monstertamer.tlog\link.command.1.tlog
c:\users\2339695\source\repos\monstertamer\monstertamer\release\monstertamer.tlog\link.read.1.tlog
c:\users\2339695\source\repos\monstertamer\monstertamer\release\monstertamer.tlog\link.write.1.tlog
c:\users\2339695\source\repos\monstertamer\monstertamer\release\monstertamer.tlog\monstertamer.write.1u.tlog
