c:\users\2339695\source\repos\monstertamer\monstertamer\debug\vc141.pdb
c:\users\2339695\source\repos\monstertamer\monstertamer\debug\vc141.idb
c:\users\2339695\source\repos\monstertamer\monstertamer\debug\species.obj
c:\users\2339695\source\repos\monstertamer\monstertamer\debug\main.obj
c:\users\2339695\source\repos\monstertamer\monstertamer\debug\ability.obj
c:\users\2339695\source\repos\monstertamer\monstertamer\debug\item.obj
c:\users\2339695\source\repos\monstertamer\monstertamer\debug\passive.obj
c:\users\2339695\source\repos\monstertamer\monstertamer\debug\monster.obj
c:\users\2339695\source\repos\monstertamer\monstertamer\debug\assetmanager.obj
c:\users\2339695\source\repos\monstertamer\monstertamer\debug\tamer.obj
c:\users\2339695\source\repos\monstertamer\monstertamer\debug\party.obj
c:\users\2339695\source\repos\monstertamer\monstertamer\debug\inventory.obj
c:\users\2339695\source\repos\monstertamer\monstertamer\debug\element.obj
c:\users\2339695\source\repos\monstertamer\monstertamer\debug\fighter.obj
c:\users\2339695\source\repos\monstertamer\monstertamer\debug\combatant.obj
c:\users\2339695\source\repos\monstertamer\monstertamer\debug\battle.obj
c:\users\2339695\source\repos\monstertamer\monstertamer\debug\battleinterface.obj
c:\users\2339695\source\repos\monstertamer\monstertamer\debug\damageformula.obj
c:\users\2339695\source\repos\monstertamer\monstertamer\debug\battleattack.obj
c:\users\2339695\source\repos\monstertamer\monstertamer\debug\battleeffects.obj
c:\users\2339695\source\repos\monstertamer\monstertamer\debug\battleactions.obj
c:\users\2339695\source\repos\monstertamer\monstertamer\debug\battlekill.obj
c:\users\2339695\source\repos\monstertamer\debug\monstertamer.exe
c:\users\2339695\source\repos\monstertamer\debug\monstertamer.ilk
c:\users\2339695\source\repos\monstertamer\debug\monstertamer.pdb
c:\users\2339695\source\repos\monstertamer\monstertamer\debug\monstertamer.tlog\cl.command.1.tlog
c:\users\2339695\source\repos\monstertamer\monstertamer\debug\monstertamer.tlog\cl.read.1.tlog
c:\users\2339695\source\repos\monstertamer\monstertamer\debug\monstertamer.tlog\cl.write.1.tlog
c:\users\2339695\source\repos\monstertamer\monstertamer\debug\monstertamer.tlog\link.command.1.tlog
c:\users\2339695\source\repos\monstertamer\monstertamer\debug\monstertamer.tlog\link.read.1.tlog
c:\users\2339695\source\repos\monstertamer\monstertamer\debug\monstertamer.tlog\link.write.1.tlog
